[1103/005823.257:ERROR:process_reader_win.cc(123)] NtOpenThread: {액세스 거부} 프로세스가 개체에 액세스를 요구했지만 액세스 권한이 없습니다. (0xc0000022)
[1103/005823.259:ERROR:exception_snapshot_win.cc(99)] thread ID 21520 not found in process
[1103/005823.297:ERROR:process_reader_win.cc(123)] NtOpenThread: {액세스 거부} 프로세스가 개체에 액세스를 요구했지만 액세스 권한이 없습니다. (0xc0000022)
[1103/005823.298:ERROR:exception_snapshot_win.cc(99)] thread ID 21548 not found in process
[1103/025519.792:ERROR:directory_reader_win.cc(43)] FindFirstFile: 지정된 경로를 찾을 수 없습니다. (0x3)
[1103/032513.371:ERROR:directory_reader_win.cc(43)] FindFirstFile: 지정된 경로를 찾을 수 없습니다. (0x3)
[1103/032702.240:ERROR:process_reader_win.cc(123)] NtOpenThread: {액세스 거부} 프로세스가 개체에 액세스를 요구했지만 액세스 권한이 없습니다. (0xc0000022)
[1103/032702.242:ERROR:exception_snapshot_win.cc(99)] thread ID 19044 not found in process
[1103/032707.265:ERROR:process_info.cc(329)] VirtualQueryEx: 액세스가 거부되었습니다. (0x5)
[1103/032707.265:ERROR:process_info.cc(556)] ReadMemoryInfo failed
[1103/032707.266:ERROR:process_memory_win.cc(39)] Failed to initialize ProcessInfo.
[1103/032707.266:ERROR:scoped_process_suspend.cc(40)] NtResumeProcess: 기존 프로세스에 액세스하려고 했습니다. (0xc000010a)
[1103/032707.347:ERROR:process_reader_win.cc(123)] NtOpenThread: {액세스 거부} 프로세스가 개체에 액세스를 요구했지만 액세스 권한이 없습니다. (0xc0000022)
[1103/032707.347:ERROR:exception_snapshot_win.cc(99)] thread ID 4524 not found in process
[1105/092335.470:ERROR:directory_reader_win.cc(43)] FindFirstFile: 지정된 경로를 찾을 수 없습니다. (0x3)
[1105/094902.238:ERROR:directory_reader_win.cc(43)] FindFirstFile: 지정된 경로를 찾을 수 없습니다. (0x3)
[1105/095659.763:ERROR:directory_reader_win.cc(43)] FindFirstFile: 지정된 경로를 찾을 수 없습니다. (0x3)
[1105/095820.878:ERROR:directory_reader_win.cc(43)] FindFirstFile: 지정된 경로를 찾을 수 없습니다. (0x3)
[1105/101311.856:ERROR:directory_reader_win.cc(43)] FindFirstFile: 지정된 경로를 찾을 수 없습니다. (0x3)
[1105/104344.850:ERROR:directory_reader_win.cc(43)] FindFirstFile: 지정된 경로를 찾을 수 없습니다. (0x3)
[1105/174707.404:ERROR:process_reader_win.cc(123)] NtOpenThread: {액세스 거부} 프로세스가 개체에 액세스를 요구했지만 액세스 권한이 없습니다. (0xc0000022)
[1105/174707.405:ERROR:exception_snapshot_win.cc(99)] thread ID 25792 not found in process
[1105/174707.405:ERROR:process_reader_win.cc(123)] NtOpenThread: {액세스 거부} 프로세스가 개체에 액세스를 요구했지만 액세스 권한이 없습니다. (0xc0000022)
[1105/174707.405:ERROR:exception_snapshot_win.cc(99)] thread ID 25780 not found in process
[1105/174707.473:ERROR:process_reader_win.cc(123)] NtOpenThread: {액세스 거부} 프로세스가 개체에 액세스를 요구했지만 액세스 권한이 없습니다. (0xc0000022)
[1105/174707.473:ERROR:process_reader_win.cc(123)] NtOpenThread: {액세스 거부} 프로세스가 개체에 액세스를 요구했지만 액세스 권한이 없습니다. (0xc0000022)
[1105/174707.473:ERROR:exception_snapshot_win.cc(99)] thread ID 15200 not found in process
[1105/174707.473:ERROR:exception_snapshot_win.cc(99)] thread ID 17724 not found in process
[1105/180545.467:ERROR:directory_reader_win.cc(43)] FindFirstFile: 지정된 경로를 찾을 수 없습니다. (0x3)
[1105/181728.296:ERROR:process_reader_win.cc(123)] NtOpenThread: {액세스 거부} 프로세스가 개체에 액세스를 요구했지만 액세스 권한이 없습니다. (0xc0000022)
[1105/181728.297:ERROR:exception_snapshot_win.cc(99)] thread ID 1988 not found in process
[1105/181728.414:ERROR:process_reader_win.cc(123)] NtOpenThread: {액세스 거부} 프로세스가 개체에 액세스를 요구했지만 액세스 권한이 없습니다. (0xc0000022)
[1105/181728.414:ERROR:exception_snapshot_win.cc(99)] thread ID 21416 not found in process
[1105/204713.454:ERROR:directory_reader_win.cc(43)] FindFirstFile: 지정된 경로를 찾을 수 없습니다. (0x3)
[1105/205634.661:ERROR:process_reader_win.cc(123)] NtOpenThread: {액세스 거부} 프로세스가 개체에 액세스를 요구했지만 액세스 권한이 없습니다. (0xc0000022)
[1105/205634.663:ERROR:exception_snapshot_win.cc(99)] thread ID 25804 not found in process
